0 verbose cli C:\nvm4w\nodejs\node.exe C:\nvm4w\nodejs\node_modules\npm\bin\npm-cli.js
1 info using npm@11.16.0
2 info using node@v22.21.0
3 silly config load:file:C:\Users\Emili\AppData\Local\nvm\v22.21.0\node_modules\npm\npmrc
4 silly config load:file:C:\Users\Emili\Downloads\bibliotheque-front-angular\bibliotheque-front-angular\.npmrc
5 silly config load:file:C:\Users\Emili\.npmrc
6 silly config load:file:C:\nvm4w\nodejs\etc\npmrc
7 verbose title npm install @angular/platform-browser-dynamic@21.2.5
8 verbose argv "install" "@angular/platform-browser-dynamic@21.2.5" "--save-dev"
9 verbose logfile logs-max:10 dir:C:\Users\Emili\Downloads\bibliotheque-front-angular\bibliotheque-front-angular\.npm\_logs\2026-06-10T08_38_42_645Z-
10 verbose logfile C:\Users\Emili\Downloads\bibliotheque-front-angular\bibliotheque-front-angular\.npm\_logs\2026-06-10T08_38_42_645Z-debug-0.log
11 silly logfile start cleaning logs, removing 1 files
12 silly packumentCache heap:4345298944 maxSize:1086324736 maxEntrySize:543162368
13 silly logfile done cleaning log files
14 silly idealTree buildDeps
15 silly fetch manifest @angular/platform-browser-dynamic@21.2.5
16 silly packumentCache full:https://registry.npmjs.org/@angular%2fplatform-browser-dynamic cache-miss
17 http fetch GET 200 https://registry.npmjs.org/@angular%2fplatform-browser-dynamic 160ms (cache stale)
18 silly packumentCache full:https://registry.npmjs.org/@angular%2fplatform-browser-dynamic set size:3133405 disposed:false
19 silly fetch manifest @angular/common@^21.0.0
20 silly packumentCache full:https://registry.npmjs.org/@angular%2fcommon cache-miss
21 http fetch GET 200 https://registry.npmjs.org/@angular%2fcommon 47ms (cache stale)
22 silly packumentCache full:https://registry.npmjs.org/@angular%2fcommon set size:3138959 disposed:false
23 silly fetch manifest @angular/common@21.2.5
24 silly packumentCache full:https://registry.npmjs.org/@angular%2fcommon cache-miss
25 http fetch GET 200 https://registry.npmjs.org/@angular%2fcommon 15ms (cache stale)
26 silly packumentCache full:https://registry.npmjs.org/@angular%2fcommon set size:3138959 disposed:false
27 silly fetch manifest @angular/core@^21.0.0
28 silly packumentCache full:https://registry.npmjs.org/@angular%2fcore cache-miss
29 http fetch GET 200 https://registry.npmjs.org/@angular%2fcore 33ms (cache stale)
30 silly packumentCache full:https://registry.npmjs.org/@angular%2fcore set size:3027748 disposed:false
31 silly fetch manifest @angular/core@21.2.5
32 silly packumentCache full:https://registry.npmjs.org/@angular%2fcore cache-miss
33 http fetch GET 200 https://registry.npmjs.org/@angular%2fcore 15ms (cache stale)
34 silly packumentCache full:https://registry.npmjs.org/@angular%2fcore set size:3027748 disposed:false
35 silly fetch manifest @angular/compiler@^21.0.0
36 silly packumentCache full:https://registry.npmjs.org/@angular%2fcompiler cache-miss
37 http fetch GET 200 https://registry.npmjs.org/@angular%2fcompiler 34ms (cache stale)
38 silly packumentCache full:https://registry.npmjs.org/@angular%2fcompiler set size:2730589 disposed:false
39 silly fetch manifest @angular/compiler@21.2.5
40 silly packumentCache full:https://registry.npmjs.org/@angular%2fcompiler cache-miss
41 http fetch GET 200 https://registry.npmjs.org/@angular%2fcompiler 10ms (cache stale)
42 silly packumentCache full:https://registry.npmjs.org/@angular%2fcompiler set size:2730589 disposed:false
43 silly fetch manifest rxjs@^7.8.2
44 silly packumentCache full:https://registry.npmjs.org/rxjs cache-miss
45 http fetch GET 200 https://registry.npmjs.org/rxjs 27ms (cache stale)
46 silly packumentCache full:https://registry.npmjs.org/rxjs set size:980097 disposed:false
47 silly fetch manifest zone.js@^0.15.1
48 silly packumentCache full:https://registry.npmjs.org/zone.js cache-miss
49 http fetch GET 200 https://registry.npmjs.org/zone.js 26ms (cache stale)
50 silly packumentCache full:https://registry.npmjs.org/zone.js set size:378576 disposed:false
51 silly fetch manifest @angular/platform-browser@^21.0.0
52 silly packumentCache full:https://registry.npmjs.org/@angular%2fplatform-browser cache-miss
53 http fetch GET 200 https://registry.npmjs.org/@angular%2fplatform-browser 32ms (cache stale)
54 silly packumentCache full:https://registry.npmjs.org/@angular%2fplatform-browser set size:3132573 disposed:false
55 silly fetch manifest @angular/platform-browser@21.2.5
56 silly packumentCache full:https://registry.npmjs.org/@angular%2fplatform-browser cache-miss
57 http fetch GET 200 https://registry.npmjs.org/@angular%2fplatform-browser 16ms (cache stale)
58 silly packumentCache full:https://registry.npmjs.org/@angular%2fplatform-browser set size:3132573 disposed:false
59 silly fetch manifest @angular/animations@^21.0.0
60 silly packumentCache full:https://registry.npmjs.org/@angular%2fanimations cache-miss
61 http fetch GET 200 https://registry.npmjs.org/@angular%2fanimations 36ms (cache stale)
62 silly packumentCache full:https://registry.npmjs.org/@angular%2fanimations set size:2839708 disposed:false
63 silly fetch manifest @angular/animations@21.2.5
64 silly packumentCache full:https://registry.npmjs.org/@angular%2fanimations cache-miss
65 http fetch GET 200 https://registry.npmjs.org/@angular%2fanimations 11ms (cache stale)
66 silly packumentCache full:https://registry.npmjs.org/@angular%2fanimations set size:2839708 disposed:false
67 silly placeDep ROOT @angular/platform-browser-dynamic@21.2.5 OK for: bibliotheque-front@0.0.1 want: 21.2.5
68 silly reify moves {}
69 silly audit bulk request {
69 silly audit   '@algolia/abtesting': [ '1.14.1' ],
69 silly audit   '@algolia/client-abtesting': [ '5.48.1' ],
69 silly audit   '@algolia/client-analytics': [ '5.48.1' ],
69 silly audit   '@algolia/client-common': [ '5.48.1' ],
69 silly audit   '@algolia/client-insights': [ '5.48.1' ],
69 silly audit   '@algolia/client-personalization': [ '5.48.1' ],
69 silly audit   '@algolia/client-query-suggestions': [ '5.48.1' ],
69 silly audit   '@algolia/client-search': [ '5.48.1' ],
69 silly audit   '@algolia/ingestion': [ '1.48.1' ],
69 silly audit   '@algolia/monitoring': [ '1.48.1' ],
69 silly audit   '@algolia/recommend': [ '5.48.1' ],
69 silly audit   '@algolia/requester-browser-xhr': [ '5.48.1' ],
69 silly audit   '@algolia/requester-fetch': [ '5.48.1' ],
69 silly audit   '@algolia/requester-node-http': [ '5.48.1' ],
69 silly audit   '@ampproject/remapping': [ '2.3.0' ],
69 silly audit   '@angular-devkit/architect': [ '0.2102.3', '0.2102.14' ],
69 silly audit   '@angular-devkit/core': [ '21.2.3', '21.2.14' ],
69 silly audit   '@angular-devkit/schematics': [ '21.2.14' ],
69 silly audit   picomatch: [ '4.0.4', '2.3.2', '4.0.3' ],
69 silly audit   '@angular/animations': [ '21.2.5' ],
69 silly audit   '@angular/build': [ '21.2.3' ],
69 silly audit   '@angular/cli': [ '21.2.14' ],
69 silly audit   '@angular/common': [ '21.2.5' ],
69 silly audit   '@angular/compiler': [ '21.2.5' ],
69 silly audit   '@angular/compiler-cli': [ '21.2.5' ],
69 silly audit   '@angular/core': [ '21.2.5' ],
69 silly audit   '@angular/forms': [ '21.2.5' ],
69 silly audit   '@angular/platform-browser': [ '21.2.5' ],
69 silly audit   '@angular/router': [ '21.2.5' ],
69 silly audit   '@babel/code-frame': [ '7.29.0' ],
69 silly audit   '@babel/compat-data': [ '7.29.0' ],
69 silly audit   '@babel/core': [ '7.29.0' ],
69 silly audit   'convert-source-map': [ '2.0.0', '1.9.0' ],
69 silly audit   semver: [ '6.3.1', '7.7.4' ],
69 silly audit   '@babel/generator': [ '7.29.1' ],
69 silly audit   '@babel/helper-annotate-as-pure': [ '7.27.3' ],
69 silly audit   '@babel/helper-compilation-targets': [ '7.28.6' ],
69 silly audit   '@babel/helper-globals': [ '7.28.0' ],
69 silly audit   '@babel/helper-module-imports': [ '7.28.6' ],
69 silly audit   '@babel/helper-module-transforms': [ '7.28.6' ],
69 silly audit   '@babel/helper-split-export-declaration': [ '7.24.7' ],
69 silly audit   '@babel/helper-string-parser': [ '7.27.1' ],
69 silly audit   '@babel/helper-validator-identifier': [ '7.28.5' ],
69 silly audit   '@babel/helper-validator-option': [ '7.27.1' ],
69 silly audit   '@babel/helpers': [ '7.29.2' ],
69 silly audit   '@babel/parser': [ '7.29.2' ],
69 silly audit   '@babel/template': [ '7.28.6' ],
69 silly audit   '@babel/traverse': [ '7.29.0' ],
69 silly audit   '@babel/types': [ '7.29.0' ],
69 silly audit   '@colors/colors': [ '1.5.0' ],
69 silly audit   '@emnapi/core': [ '1.9.1' ],
69 silly audit   '@emnapi/runtime': [ '1.9.1' ],
69 silly audit   '@emnapi/wasi-threads': [ '1.2.0' ],
69 silly audit   '@esbuild/aix-ppc64': [ '0.27.3' ],
69 silly audit   '@esbuild/android-arm': [ '0.27.3' ],
69 silly audit   '@esbuild/android-arm64': [ '0.27.3' ],
69 silly audit   '@esbuild/android-x64': [ '0.27.3' ],
69 silly audit   '@esbuild/darwin-arm64': [ '0.27.3' ],
69 silly audit   '@esbuild/darwin-x64': [ '0.27.3' ],
69 silly audit   '@esbuild/freebsd-arm64': [ '0.27.3' ],
69 silly audit   '@esbuild/freebsd-x64': [ '0.27.3' ],
69 silly audit   '@esbuild/linux-arm': [ '0.27.3' ],
69 silly audit   '@esbuild/linux-arm64': [ '0.27.3' ],
69 silly audit   '@esbuild/linux-ia32': [ '0.27.3' ],
69 silly audit   '@esbuild/linux-loong64': [ '0.27.3' ],
69 silly audit   '@esbuild/linux-mips64el': [ '0.27.3' ],
69 silly audit   '@esbuild/linux-ppc64': [ '0.27.3' ],
69 silly audit   '@esbuild/linux-riscv64': [ '0.27.3' ],
69 silly audit   '@esbuild/linux-s390x': [ '0.27.3' ],
69 silly audit   '@esbuild/linux-x64': [ '0.27.3' ],
69 silly audit   '@esbuild/netbsd-arm64': [ '0.27.3' ],
69 silly audit   '@esbuild/netbsd-x64': [ '0.27.3' ],
69 silly audit   '@esbuild/openbsd-arm64': [ '0.27.3' ],
69 silly audit   '@esbuild/openbsd-x64': [ '0.27.3' ],
69 silly audit   '@esbuild/openharmony-arm64': [ '0.27.3' ],
69 silly audit   '@esbuild/sunos-x64': [ '0.27.3' ],
69 silly audit   '@esbuild/win32-arm64': [ '0.27.3' ],
69 silly audit   '@esbuild/win32-ia32': [ '0.27.3' ],
69 silly audit   '@esbuild/win32-x64': [ '0.27.3' ],
69 silly audit   '@gar/promise-retry': [ '1.0.3' ],
69 silly audit   '@harperfast/extended-iterable': [ '1.0.3' ],
69 silly audit   '@hono/node-server': [ '1.19.14' ],
69 silly audit   '@inquirer/ansi': [ '1.0.2' ],
69 silly audit   '@inquirer/checkbox': [ '4.3.2' ],
69 silly audit   '@inquirer/confirm': [ '5.1.21' ],
69 silly audit   '@inquirer/core': [ '10.3.2' ],
69 silly audit   '@inquirer/editor': [ '4.2.23' ],
69 silly audit   '@inquirer/expand': [ '4.0.23' ],
69 silly audit   '@inquirer/external-editor': [ '1.0.3' ],
69 silly audit   '@inquirer/figures': [ '1.0.15' ],
69 silly audit   '@inquirer/input': [ '4.3.1' ],
69 silly audit   '@inquirer/number': [ '3.0.23' ],
69 silly audit   '@inquirer/password': [ '4.0.23' ],
69 silly audit   '@inquirer/prompts': [ '7.10.1' ],
69 silly audit   '@inquirer/rawlist': [ '4.1.11' ],
69 silly audit   '@inquirer/search': [ '3.2.2' ],
69 silly audit   '@inquirer/select': [ '4.4.2' ],
69 silly audit   '@inquirer/type': [ '3.0.10' ],
69 silly audit   '@isaacs/fs-minipass': [ '4.0.1' ],
69 silly audit   '@istanbuljs/schema': [ '0.1.3' ],
69 silly audit   '@jridgewell/gen-mapping': [ '0.3.13' ],
69 silly audit   '@jridgewell/remapping': [ '2.3.5' ],
69 silly audit   '@jridgewell/resolve-uri': [ '3.1.2' ],
69 silly audit   '@jridgewell/sourcemap-codec': [ '1.5.5' ],
69 silly audit   '@jridgewell/trace-mapping': [ '0.3.31' ],
69 silly audit   '@listr2/prompt-adapter-inquirer': [ '3.0.5' ],
69 silly audit   '@lmdb/lmdb-darwin-arm64': [ '3.5.1' ],
69 silly audit   '@lmdb/lmdb-darwin-x64': [ '3.5.1' ],
69 silly audit   '@lmdb/lmdb-linux-arm': [ '3.5.1' ],
69 silly audit   '@lmdb/lmdb-linux-arm64': [ '3.5.1' ],
69 silly audit   '@lmdb/lmdb-linux-x64': [ '3.5.1' ],
69 silly audit   '@lmdb/lmdb-win32-arm64': [ '3.5.1' ],
69 silly audit   '@lmdb/lmdb-win32-x64': [ '3.5.1' ],
69 silly audit   '@modelcontextprotocol/sdk': [ '1.26.0' ],
69 silly audit   '@msgpackr-extract/msgpackr-extract-darwin-arm64': [ '3.0.3' ],
69 silly audit   '@msgpackr-extract/msgpackr-extract-darwin-x64': [ '3.0.3' ],
69 silly audit   '@msgpackr-extract/msgpackr-extract-linux-arm': [ '3.0.3' ],
69 silly audit   '@msgpackr-extract/msgpackr-extract-linux-arm64': [ '3.0.3' ],
69 silly audit   '@msgpackr-extract/msgpackr-extract-linux-x64': [ '3.0.3' ],
69 silly audit   '@msgpackr-extract/msgpackr-extract-win32-x64': [ '3.0.3' ],
69 silly audit   '@napi-rs/nice': [ '1.1.1' ],
69 silly audit   '@napi-rs/nice-android-arm-eabi': [ '1.1.1' ],
69 silly audit   '@napi-rs/nice-android-arm64': [ '1.1.1' ],
69 silly audit   '@napi-rs/nice-darwin-arm64': [ '1.1.1' ],
69 silly audit   '@napi-rs/nice-darwin-x64': [ '1.1.1' ],
69 silly audit   '@napi-rs/nice-freebsd-x64': [ '1.1.1' ],
69 silly audit   '@napi-rs/nice-linux-arm-gnueabihf': [ '1.1.1' ],
69 silly audit   '@napi-rs/nice-linux-arm64-gnu': [ '1.1.1' ],
69 silly audit   '@napi-rs/nice-linux-arm64-musl': [ '1.1.1' ],
69 silly audit   '@napi-rs/nice-linux-ppc64-gnu': [ '1.1.1' ],
69 silly audit   '@napi-rs/nice-linux-riscv64-gnu': [ '1.1.1' ],
69 silly audit   '@napi-rs/nice-linux-s390x-gnu': [ '1.1.1' ],
69 silly audit   '@napi-rs/nice-linux-x64-gnu': [ '1.1.1' ],
69 silly audit   '@napi-rs/nice-linux-x64-musl': [ '1.1.1' ],
69 silly audit   '@napi-rs/nice-openharmony-arm64': [ '1.1.1' ],
69 silly audit   '@napi-rs/nice-win32-arm64-msvc': [ '1.1.1' ],
69 silly audit   '@napi-rs/nice-win32-ia32-msvc': [ '1.1.1' ],
69 silly audit   '@napi-rs/nice-win32-x64-msvc': [ '1.1.1' ],
69 silly audit   '@napi-rs/wasm-runtime': [ '1.1.1' ],
69 silly audit   '@npmcli/agent': [ '4.0.0' ],
69 silly audit   'lru-cache': [ '11.2.7', '5.1.1' ],
69 silly audit   '@npmcli/fs': [ '5.0.0' ],
69 silly audit   '@npmcli/git': [ '7.0.2' ],
69 silly audit   isexe: [ '4.0.0', '2.0.0' ],
69 silly audit   which: [ '6.0.1', '1.3.1', '2.0.2' ],
69 silly audit   '@npmcli/installed-package-contents': [ '4.0.0' ],
69 silly audit   '@npmcli/node-gyp': [ '5.0.0' ],
69 silly audit   '@npmcli/package-json': [ '7.0.5' ],
69 silly audit   '@npmcli/promise-spawn': [ '9.0.1' ],
69 silly audit   '@npmcli/redact': [ '4.0.0' ],
69 silly audit   '@npmcli/run-script': [ '10.0.4' ],
69 silly audit   '@oxc-project/types': [ '0.113.0' ],
69 silly audit   '@parcel/watcher': [ '2.5.6' ],
69 silly audit   '@parcel/watcher-android-arm64': [ '2.5.6' ],
69 silly audit   '@parcel/watcher-darwin-arm64': [ '2.5.6' ],
69 silly audit   '@parcel/watcher-darwin-x64': [ '2.5.6' ],
69 silly audit   '@parcel/watcher-freebsd-x64': [ '2.5.6' ],
69 silly audit   '@parcel/watcher-linux-arm-glibc': [ '2.5.6' ],
69 silly audit   '@parcel/watcher-linux-arm-musl': [ '2.5.6' ],
69 silly audit   '@parcel/watcher-linux-arm64-glibc': [ '2.5.6' ],
69 silly audit   '@parcel/watcher-linux-arm64-musl': [ '2.5.6' ],
69 silly audit   '@parcel/watcher-linux-x64-glibc': [ '2.5.6' ],
69 silly audit   '@parcel/watcher-linux-x64-musl': [ '2.5.6' ],
69 silly audit   '@parcel/watcher-win32-arm64': [ '2.5.6' ],
69 silly audit   '@parcel/watcher-win32-ia32': [ '2.5.6' ],
69 silly audit   '@parcel/watcher-win32-x64': [ '2.5.6' ],
69 silly audit   'node-addon-api': [ '7.1.1', '6.1.0' ],
69 silly audit   '@playwright/test': [ '1.60.0' ],
69 silly audit   '@rolldown/binding-android-arm64': [ '1.0.0-rc.4' ],
69 silly audit   '@rolldown/binding-darwin-arm64': [ '1.0.0-rc.4' ],
69 silly audit   '@rolldown/binding-darwin-x64': [ '1.0.0-rc.4' ],
69 silly audit   '@rolldown/binding-freebsd-x64': [ '1.0.0-rc.4' ],
69 silly audit   '@rolldown/binding-linux-arm-gnueabihf': [ '1.0.0-rc.4' ],
69 silly audit   '@rolldown/binding-linux-arm64-gnu': [ '1.0.0-rc.4' ],
69 silly audit   '@rolldown/binding-linux-arm64-musl': [ '1.0.0-rc.4' ],
69 silly audit   '@rolldown/binding-linux-x64-gnu': [ '1.0.0-rc.4' ],
69 silly audit   '@rolldown/binding-linux-x64-musl': [ '1.0.0-rc.4' ],
69 silly audit   '@rolldown/binding-openharmony-arm64': [ '1.0.0-rc.4' ],
69 silly audit   '@rolldown/binding-wasm32-wasi': [ '1.0.0-rc.4' ],
69 silly audit   '@rolldown/binding-win32-arm64-msvc': [ '1.0.0-rc.4' ],
69 silly audit   '@rolldown/binding-win32-x64-msvc': [ '1.0.0-rc.4' ],
69 silly audit   '@rolldown/pluginutils': [ '1.0.0-rc.4' ],
69 silly audit   '@rollup/rollup-android-arm-eabi': [ '4.60.0' ],
69 silly audit   '@rollup/rollup-android-arm64': [ '4.60.0' ],
69 silly audit   '@rollup/rollup-darwin-arm64': [ '4.60.0' ],
69 silly audit   '@rollup/rollup-darwin-x64': [ '4.60.0' ],
69 silly audit   '@rollup/rollup-freebsd-arm64': [ '4.60.0' ],
69 silly audit   '@rollup/rollup-freebsd-x64': [ '4.60.0' ],
69 silly audit   '@rollup/rollup-linux-arm-gnueabihf': [ '4.60.0' ],
69 silly audit   '@rollup/rollup-linux-arm-musleabihf': [ '4.60.0' ],
69 silly audit   '@rollup/rollup-linux-arm64-gnu': [ '4.60.0' ],
69 silly audit   '@rollup/rollup-linux-arm64-musl': [ '4.60.0' ],
69 silly audit   '@rollup/rollup-linux-loong64-gnu': [ '4.60.0' ],
69 silly audit   '@rollup/rollup-linux-loong64-musl': [ '4.60.0' ],
69 silly audit   '@rollup/rollup-linux-ppc64-gnu': [ '4.60.0' ],
69 silly audit   '@rollup/rollup-linux-ppc64-musl': [ '4.60.0' ],
69 silly audit   '@rollup/rollup-linux-riscv64-gnu': [ '4.60.0' ],
69 silly audit   '@rollup/rollup-linux-riscv64-musl': [ '4.60.0' ],
69 silly audit   '@rollup/rollup-linux-s390x-gnu': [ '4.60.0' ],
69 silly audit   '@rollup/rollup-linux-x64-gnu': [ '4.60.0' ],
69 silly audit   '@rollup/rollup-linux-x64-musl': [ '4.60.0' ],
69 silly audit   '@rollup/rollup-openbsd-x64': [ '4.60.0' ],
69 silly audit   '@rollup/rollup-openharmony-arm64': [ '4.60.0' ],
69 silly audit   '@rollup/rollup-win32-arm64-msvc': [ '4.60.0' ],
69 silly audit   '@rollup/rollup-win32-ia32-msvc': [ '4.60.0' ],
69 silly audit   '@rollup/rollup-win32-x64-gnu': [ '4.60.0' ],
69 silly audit   '@rollup/rollup-win32-x64-msvc': [ '4.60.0' ],
69 silly audit   '@schematics/angular': [ '21.2.14' ],
69 silly audit   '@sigstore/bundle': [ '4.0.0' ],
69 silly audit   '@sigstore/core': [ '3.2.0' ],
69 silly audit   '@sigstore/protobuf-specs': [ '0.5.0' ],
69 silly audit   '@sigstore/sign': [ '4.1.1' ],
69 silly audit   '@sigstore/tuf': [ '4.0.2' ],
69 silly audit   '@sigstore/verify': [ '3.1.0' ],
69 silly audit   '@socket.io/component-emitter': [ '3.1.2' ],
69 silly audit   '@standard-schema/spec': [ '1.1.0' ],
69 silly audit   '@tufjs/canonical-json': [ '2.0.0' ],
69 silly audit   '@tufjs/models': [ '4.1.0' ],
69 silly audit   '@tybys/wasm-util': [ '0.10.1' ],
69 silly audit   '@types/cors': [ '2.8.19' ],
69 silly audit   '@types/estree': [ '1.0.8' ],
69 silly audit   '@types/jasmine': [ '5.1.15' ],
69 silly audit   '@types/node': [ '25.9.2' ],
69 silly audit   '@types/ws': [ '8.18.1' ],
69 silly audit   '@vitejs/plugin-basic-ssl': [ '2.1.4' ],
69 silly audit   '@yarnpkg/lockfile': [ '1.1.0' ],
69 silly audit   abbrev: [ '4.0.0' ],
69 silly audit   accepts: [ '2.0.0', '1.3.8' ],
69 silly audit   'agent-base': [ '7.1.4' ],
69 silly audit   ajv: [ '8.18.0' ],
69 silly audit   'ajv-formats': [ '3.0.1' ],
69 silly audit   algoliasearch: [ '5.48.1' ],
69 silly audit   'ansi-escapes': [ '7.3.0' ],
69 silly audit   'ansi-regex': [ '6.2.2', '5.0.1' ],
69 silly audit   'ansi-styles': [ '6.2.3', '4.3.0' ],
69 silly audit   anymatch: [ '3.1.3' ],
69 silly audit   'balanced-match': [ '4.0.4', '1.0.2' ],
69 silly audit   base64id: [ '2.0.0' ],
69 silly audit   'baseline-browser-mapping': [ '2.10.10' ],
69 silly audit   beasties: [ '0.4.1' ],
69 silly audit   'binary-extensions': [ '2.3.0' ],
69 silly audit   'body-parser': [ '2.2.2', '1.20.5' ],
69 silly audit   boolbase: [ '1.0.0' ],
69 silly audit   'brace-expansion': [ '5.0.6', '1.1.15' ],
69 silly audit   braces: [ '3.0.3' ],
69 silly audit   browserslist: [ '4.28.1' ],
69 silly audit   'buffer-from': [ '1.1.2' ],
69 silly audit   bytes: [ '3.1.2' ],
69 silly audit   cacache: [ '20.0.4' ],
69 silly audit   'call-bind-apply-helpers': [ '1.0.2' ],
69 silly audit   'call-bound': [ '1.0.4' ],
69 silly audit   'caniuse-lite': [ '1.0.30001781' ],
69 silly audit   chalk: [ '5.6.2' ],
69 silly audit   chardet: [ '2.1.1' ],
69 silly audit   chokidar: [ '5.0.0', '3.6.0', '4.0.3' ],
69 silly audit   chownr: [ '3.0.0' ],
69 silly audit   'cli-cursor': [ '5.0.0' ],
69 silly audit   'cli-spinners': [ '3.4.0' ],
69 silly audit   'cli-truncate': [ '5.2.0' ],
69 silly audit   'cli-width': [ '4.1.0' ],
69 silly audit   cliui: [ '9.0.1', '7.0.4' ],
69 silly audit   'string-width': [ '7.2.0', '4.2.3', '8.2.0' ],
69 silly audit   'wrap-ansi': [ '9.0.2', '7.0.0', '6.2.0' ],
69 silly audit   'color-convert': [ '2.0.1' ],
69 silly audit   'color-name': [ '1.1.4' ],
69 silly audit   colorette: [ '2.0.20' ],
69 silly audit   'concat-map': [ '0.0.1' ],
69 silly audit   connect: [ '3.7.0' ],
69 silly audit   debug: [ '2.6.9', '4.4.3' ],
69 silly audit   encodeurl: [ '1.0.2', '2.0.0' ],
69 silly audit   finalhandler: [ '1.1.2', '2.1.1' ],
69 silly audit   ms: [ '2.0.0', '2.1.3' ],
69 silly audit   'on-finished': [ '2.3.0', '2.4.1' ],
69 silly audit   statuses: [ '1.5.0', '2.0.2' ],
69 silly audit   'content-disposition': [ '1.0.1' ],
69 silly audit   'content-type': [ '1.0.5' ],
69 silly audit   cookie: [ '0.7.2' ],
69 silly audit   'cookie-signature': [ '1.2.2' ],
69 silly audit   cors: [ '2.8.6' ],
69 silly audit   'cross-spawn': [ '7.0.6' ],
69 silly audit   'css-select': [ '6.0.0' ],
69 silly audit   'css-what': [ '7.0.0' ],
69 silly audit   'custom-event': [ '1.0.1' ],
69 silly audit   'date-format': [ '4.0.14' ],
69 silly audit   depd: [ '2.0.0' ],
69 silly audit   destroy: [ '1.2.0' ],
69 silly audit   'detect-libc': [ '2.1.2' ],
69 silly audit   di: [ '0.0.1' ],
69 silly audit   'dom-serialize': [ '2.2.1' ],
69 silly audit   'dom-serializer': [ '2.0.0' ],
69 silly audit   domelementtype: [ '2.3.0' ],
69 silly audit   domhandler: [ '5.0.3' ],
69 silly audit   domutils: [ '3.2.2' ],
69 silly audit   'dunder-proto': [ '1.0.1' ],
69 silly audit   'ee-first': [ '1.1.1' ],
69 silly audit   'electron-to-chromium': [ '1.5.322' ],
69 silly audit   'emoji-regex': [ '10.6.0', '8.0.0' ],
69 silly audit   'engine.io': [ '6.6.8' ],
69 silly audit   'engine.io-parser': [ '5.2.3' ],
69 silly audit   'mime-db': [ '1.52.0', '1.54.0' ],
69 silly audit   'mime-types': [ '2.1.35', '3.0.2' ],
69 silly audit   negotiator: [ '0.6.3', '1.0.0' ],
69 silly audit   ent: [ '2.2.2' ],
69 silly audit   entities: [ '4.5.0', '7.0.1', '6.0.1' ],
69 silly audit   'env-paths': [ '2.2.1' ],
69 silly audit   environment: [ '1.1.0' ],
69 silly audit   'err-code': [ '2.0.3' ],
69 silly audit   'es-define-property': [ '1.0.1' ],
69 silly audit   'es-errors': [ '1.3.0' ],
69 silly audit   'es-object-atoms': [ '1.1.1' ],
69 silly audit   esbuild: [ '0.27.3' ],
69 silly audit   escalade: [ '3.2.0' ],
69 silly audit   'escape-html': [ '1.0.3' ],
69 silly audit   etag: [ '1.8.1' ],
69 silly audit   eventemitter3: [ '5.0.4', '4.0.7' ],
69 silly audit   eventsource: [ '3.0.7' ],
69 silly audit   'eventsource-parser': [ '3.0.6' ],
69 silly audit   'exponential-backoff': [ '3.1.3' ],
69 silly audit   express: [ '5.2.1' ],
69 silly audit   'express-rate-limit': [ '8.5.2' ],
69 silly audit   extend: [ '3.0.2' ],
69 silly audit   'fast-deep-equal': [ '3.1.3' ],
69 silly audit   'fast-uri': [ '3.1.2' ],
69 silly audit   fdir: [ '6.5.0' ],
69 silly audit   'fill-range': [ '7.1.1' ],
69 silly audit   flatted: [ '3.4.2' ],
69 silly audit   'follow-redirects': [ '1.16.0' ],
69 silly audit   forwarded: [ '0.2.0' ],
69 silly audit   fresh: [ '2.0.0' ],
69 silly audit   'fs-extra': [ '8.1.0' ],
69 silly audit   'fs-minipass': [ '3.0.3' ],
69 silly audit   'fs.realpath': [ '1.0.0' ],
69 silly audit   fsevents: [ '2.3.3', '2.3.2' ],
69 silly audit   'function-bind': [ '1.1.2' ],
69 silly audit   gensync: [ '1.0.0-beta.2' ],
69 silly audit   'get-caller-file': [ '2.0.5' ],
69 silly audit   'get-east-asian-width': [ '1.5.0' ],
69 silly audit   'get-intrinsic': [ '1.3.0' ],
69 silly audit   'get-proto': [ '1.0.1' ],
69 silly audit   glob: [ '13.0.6', '7.2.3' ],
69 silly audit   'glob-parent': [ '5.1.2' ],
69 silly audit   'glob-to-regexp': [ '0.4.1' ],
69 silly audit   gopd: [ '1.2.0' ],
69 silly audit   'graceful-fs': [ '4.2.11' ],
69 silly audit   'has-flag': [ '4.0.0' ],
69 silly audit   'has-symbols': [ '1.1.0' ],
69 silly audit   'has-tostringtag': [ '1.0.2' ],
69 silly audit   hasown: [ '2.0.2' ],
69 silly audit   hono: [ '4.12.25' ],
69 silly audit   'hosted-git-info': [ '9.0.2' ],
69 silly audit   'html-escaper': [ '2.0.2' ],
69 silly audit   htmlparser2: [ '10.1.0' ],
69 silly audit   'http-cache-semantics': [ '4.2.0' ],
69 silly audit   'http-errors': [ '2.0.1' ],
69 silly audit   'http-proxy': [ '1.18.1' ],
69 silly audit   'http-proxy-agent': [ '7.0.2' ],
69 silly audit   'https-proxy-agent': [ '7.0.6' ],
69 silly audit   'iconv-lite': [ '0.7.2', '0.4.24' ],
69 silly audit   'ignore-walk': [ '8.0.0' ],
69 silly audit   immutable: [ '5.1.5' ],
69 silly audit   inflight: [ '1.0.6' ],
69 silly audit   inherits: [ '2.0.4' ],
69 silly audit   ini: [ '6.0.0' ],
69 silly audit   'ip-address': [ '10.2.0' ],
69 silly audit   'ipaddr.js': [ '1.9.1' ],
69 silly audit   'is-binary-path': [ '2.1.0' ],
69 silly audit   'is-extglob': [ '2.1.1' ],
69 silly audit   'is-fullwidth-code-point': [ '5.1.0', '3.0.0' ],
69 silly audit   'is-glob': [ '4.0.3' ],
69 silly audit   'is-interactive': [ '2.0.0' ],
69 silly audit   'is-number': [ '7.0.0' ],
69 silly audit   'is-promise': [ '4.0.0' ],
69 silly audit   'is-regex': [ '1.2.1' ],
69 silly audit   'is-unicode-supported': [ '2.1.0' ],
69 silly audit   isbinaryfile: [ '4.0.10' ],
69 silly audit   'istanbul-lib-coverage': [ '3.2.2' ],
69 silly audit   'istanbul-lib-instrument': [ '6.0.3', '5.2.1' ],
69 silly audit   'istanbul-lib-report': [ '3.0.1' ],
69 silly audit   'istanbul-lib-source-maps': [ '4.0.1' ],
69 silly audit   'source-map': [ '0.6.1', '0.7.6' ],
69 silly audit   'istanbul-reports': [ '3.2.0' ],
69 silly audit   'jasmine-core': [ '5.13.0', '4.6.1' ],
69 silly audit   jose: [ '6.2.2' ],
69 silly audit   'js-tokens': [ '4.0.0' ],
69 silly audit   jsesc: [ '3.1.0' ],
69 silly audit   'json-parse-even-better-errors': [ '5.0.0' ],
69 silly audit   'json-schema-traverse': [ '1.0.0' ],
69 silly audit   'json-schema-typed': [ '8.0.2' ],
69 silly audit   json5: [ '2.2.3' ],
69 silly audit   'jsonc-parser': [ '3.3.1' ],
69 silly audit   jsonfile: [ '4.0.0' ],
69 silly audit   jsonparse: [ '1.3.1' ],
69 silly audit   karma: [ '6.4.4' ],
69 silly audit   'karma-chrome-launcher': [ '3.2.0' ],
69 silly audit   'karma-coverage': [ '2.2.1' ],
69 silly audit   minimatch: [ '3.1.5', '10.2.4' ],
69 silly audit   'karma-jasmine': [ '5.1.0' ],
69 silly audit   'karma-jasmine-html-reporter': [ '2.2.0' ],
69 silly audit   'media-typer': [ '0.3.0', '1.1.0' ],
69 silly audit   'raw-body': [ '2.5.3', '3.0.2' ],
69 silly audit   readdirp: [ '3.6.0', '5.0.0', '4.1.2' ],
69 silly audit   'strip-ansi': [ '6.0.1', '7.2.0' ],
69 silly audit   'type-is': [ '1.6.18', '2.0.1' ],
69 silly audit   yargs: [ '16.2.0', '18.0.0' ],
69 silly audit   'yargs-parser': [ '20.2.9', '22.0.0' ],
69 silly audit   listr2: [ '9.0.5' ],
69 silly audit   lmdb: [ '3.5.1' ],
69 silly audit   lodash: [ '4.18.1' ],
69 silly audit   'log-symbols': [ '7.0.1' ],
69 silly audit   'log-update': [ '6.1.0' ],
69 silly audit   'slice-ansi': [ '7.1.2', '8.0.0' ],
69 silly audit   log4js: [ '6.9.1' ],
69 silly audit   'magic-string': [ '0.30.21' ],
69 silly audit   'make-dir': [ '4.0.0' ],
69 silly audit   'make-fetch-happen': [ '15.0.5' ],
69 silly audit   'math-intrinsics': [ '1.1.0' ],
69 silly audit   'merge-descriptors': [ '2.0.0' ],
69 silly audit   mime: [ '2.6.0' ],
69 silly audit   'mimic-function': [ '5.0.1' ],
69 silly audit   minimist: [ '1.2.8' ],
69 silly audit   minipass: [ '7.1.3', '3.3.6' ],
69 silly audit   'minipass-collect': [ '2.0.1' ],
69 silly audit   'minipass-fetch': [ '5.0.2' ],
69 silly audit   'minipass-flush': [ '1.0.5' ],
69 silly audit   yallist: [ '4.0.0', '5.0.0', '3.1.1' ],
69 silly audit   'minipass-pipeline': [ '1.2.4' ],
69 silly audit   'minipass-sized': [ '2.0.0' ],
69 silly audit   minizlib: [ '3.1.0' ],
69 silly audit   mkdirp: [ '0.5.6' ],
69 silly audit   mrmime: [ '2.0.1' ],
69 silly audit   msgpackr: [ '1.11.9' ],
69 silly audit   'msgpackr-extract': [ '3.0.3' ],
69 silly audit   'mute-stream': [ '2.0.0' ],
69 silly audit   nanoid: [ '3.3.12' ],
69 silly audit   'node-gyp': [ '12.2.0' ],
69 silly audit   'node-gyp-build-optional-packages': [ '5.2.2' ],
69 silly audit   'node-releases': [ '2.0.36' ],
69 silly audit   nopt: [ '9.0.0' ],
69 silly audit   'normalize-path': [ '3.0.0' ],
69 silly audit   'npm-bundled': [ '5.0.0' ],
69 silly audit   'npm-install-checks': [ '8.0.0' ],
69 silly audit   'npm-normalize-package-bin': [ '5.0.0' ],
69 silly audit   'npm-package-arg': [ '13.0.2' ],
69 silly audit   'npm-packlist': [ '10.0.4' ],
69 silly audit   'npm-pick-manifest': [ '11.0.3' ],
69 silly audit   'npm-registry-fetch': [ '19.1.1' ],
69 silly audit   'nth-check': [ '2.1.1' ],
69 silly audit   'object-assign': [ '4.1.1' ],
69 silly audit   'object-inspect': [ '1.13.4' ],
69 silly audit   once: [ '1.4.0' ],
69 silly audit   onetime: [ '7.0.0' ],
69 silly audit   ora: [ '9.3.0' ],
69 silly audit   'ordered-binary': [ '1.6.1' ],
69 silly audit   'p-map': [ '7.0.4' ],
69 silly audit   pacote: [ '21.3.1' ],
69 silly audit   parse5: [ '8.0.0' ],
69 silly audit   'parse5-html-rewriting-stream': [ '8.0.0' ],
69 silly audit   'parse5-sax-parser': [ '8.0.0' ],
69 silly audit   parseurl: [ '1.3.3' ],
69 silly audit   'path-is-absolute': [ '1.0.1' ],
69 silly audit   'path-key': [ '3.1.1' ],
69 silly audit   'path-scurry': [ '2.0.2' ],
69 silly audit   'path-to-regexp': [ '8.4.2' ],
69 silly audit   picocolors: [ '1.1.1' ],
69 silly audit   piscina: [ '5.1.4' ],
69 silly audit   'pkce-challenge': [ '5.0.1' ],
69 silly audit   playwright: [ '1.60.0' ],
69 silly audit   'playwright-core': [ '1.60.0' ],
69 silly audit   postcss: [ '8.5.15' ],
69 silly audit   'postcss-media-query-parser': [ '0.2.3' ],
69 silly audit   'postcss-safe-parser': [ '7.0.1' ],
69 silly audit   'proc-log': [ '6.1.0' ],
69 silly audit   'promise-retry': [ '2.0.1' ],
69 silly audit   'proxy-addr': [ '2.0.7' ],
69 silly audit   punycode: [ '1.4.1' ],
69 silly audit   qjobs: [ '1.2.0' ],
69 silly audit   qs: [ '6.15.2' ],
69 silly audit   'range-parser': [ '1.2.1' ],
69 silly audit   'reflect-metadata': [ '0.2.2' ],
69 silly audit   'require-directory': [ '2.1.1' ],
69 silly audit   'require-from-string': [ '2.0.2' ],
69 silly audit   'requires-port': [ '1.0.0' ],
69 silly audit   'restore-cursor': [ '5.1.0' ],
69 silly audit   retry: [ '0.12.0' ],
69 silly audit   rfdc: [ '1.4.1' ],
69 silly audit   rimraf: [ '3.0.2' ],
69 silly audit   rolldown: [ '1.0.0-rc.4' ],
69 silly audit   rollup: [ '4.60.0' ],
69 silly audit   router: [ '2.2.0' ],
69 silly audit   rxjs: [ '7.8.2' ],
69 silly audit   'safe-regex-test': [ '1.1.0' ],
69 silly audit   'safer-buffer': [ '2.1.2' ],
69 silly audit   sass: [ '1.97.3' ],
69 silly audit   send: [ '1.2.1' ],
69 silly audit   'serve-static': [ '2.2.1' ],
69 silly audit   setprototypeof: [ '1.2.0' ],
69 silly audit   'shebang-command': [ '2.0.0' ],
69 silly audit   'shebang-regex': [ '3.0.0' ],
69 silly audit   'side-channel': [ '1.1.0' ],
69 silly audit   'side-channel-list': [ '1.0.0' ],
69 silly audit   'side-channel-map': [ '1.0.1' ],
69 silly audit   'side-channel-weakmap': [ '1.0.2' ],
69 silly audit   'signal-exit': [ '4.1.0' ],
69 silly audit   sigstore: [ '4.1.0' ],
69 silly audit   'smart-buffer': [ '4.2.0' ],
69 silly audit   'socket.io': [ '4.8.3' ],
69 silly audit   'socket.io-adapter': [ '2.5.7' ],
69 silly audit   'socket.io-parser': [ '4.2.6' ],
69 silly audit   socks: [ '2.8.7' ],
69 silly audit   'socks-proxy-agent': [ '8.0.5' ],
69 silly audit   'source-map-js': [ '1.2.1' ],
69 silly audit   'source-map-support': [ '0.5.21' ],
69 silly audit   'spdx-exceptions': [ '2.5.0' ],
69 silly audit   'spdx-expression-parse': [ '4.0.0' ],
69 silly audit   'spdx-license-ids': [ '3.0.23' ],
69 silly audit   ssri: [ '13.0.1' ],
69 silly audit   'stdin-discarder': [ '0.3.2' ],
69 silly audit   streamroller: [ '3.1.5' ],
69 silly audit   'supports-color': [ '7.2.0' ],
69 silly audit   tar: [ '7.5.13' ],
69 silly audit   tinyglobby: [ '0.2.15' ],
69 silly audit   tmp: [ '0.2.7' ],
69 silly audit   'to-regex-range': [ '5.0.1' ],
69 silly audit   toidentifier: [ '1.0.1' ],
69 silly audit   tslib: [ '2.8.1' ],
69 silly audit   'tuf-js': [ '4.1.0' ],
69 silly audit   typescript: [ '5.9.3' ],
69 silly audit   'ua-parser-js': [ '0.7.41' ],
69 silly audit   undici: [ '7.22.0' ],
69 silly audit   'undici-types': [ '7.24.6' ],
69 silly audit   universalify: [ '0.1.2' ],
69 silly audit   unpipe: [ '1.0.0' ],
69 silly audit   'update-browserslist-db': [ '1.2.3' ],
69 silly audit   'utils-merge': [ '1.0.1' ],
69 silly audit   'validate-npm-package-name': [ '7.0.2' ],
69 silly audit   vary: [ '1.1.2' ],
69 silly audit   vite: [ '7.3.1' ],
69 silly audit   'void-elements': [ '2.0.1' ],
69 silly audit   watchpack: [ '2.5.1' ],
69 silly audit   'weak-lru-cache': [ '1.2.2' ],
69 silly audit   wrappy: [ '1.0.2' ],
69 silly audit   ws: [ '8.20.1' ],
69 silly audit   y18n: [ '5.0.8' ],
69 silly audit   yoctocolors: [ '2.1.2' ],
69 silly audit   'yoctocolors-cjs': [ '2.1.3' ],
69 silly audit   zod: [ '4.3.6' ],
69 silly audit   'zod-to-json-schema': [ '3.25.1' ],
69 silly audit   'zone.js': [ '0.15.1' ],
69 silly audit   '@angular/platform-browser-dynamic': [ '21.2.5' ]
69 silly audit }
70 http cache @angular/platform-browser-dynamic@https://registry.npmjs.org/@angular/platform-browser-dynamic/-/platform-browser-dynamic-21.2.5.tgz 0ms (cache hit)
71 silly tarball no local data for @angular/platform-browser-dynamic@https://registry.npmjs.org/@angular/platform-browser-dynamic/-/platform-browser-dynamic-21.2.5.tgz. Extracting by manifest.
72 http fetch POST 200 https://registry.npmjs.org/-/npm/v1/security/advisories/bulk 444ms
73 silly audit report {
73 silly audit report   picomatch: [
73 silly audit report     {
73 silly audit report       id: 1115551,
73 silly audit report       url: 'https://github.com/advisories/GHSA-3v7f-55p6-f55p',
73 silly audit report       title: 'Picomatch: Method Injection in POSIX Character Classes causes incorrect Glob Matching',
73 silly audit report       severity: 'moderate',
73 silly audit report       vulnerable_versions: '>=4.0.0 <4.0.4',
73 silly audit report       cwe: [Array],
73 silly audit report       cvss: [Object]
73 silly audit report     },
73 silly audit report     {
73 silly audit report       id: 1115554,
73 silly audit report       url: 'https://github.com/advisories/GHSA-c2c7-rcm5-vvqj',
73 silly audit report       title: 'Picomatch has a ReDoS vulnerability via extglob quantifiers',
73 silly audit report       severity: 'high',
73 silly audit report       vulnerable_versions: '>=4.0.0 <4.0.4',
73 silly audit report       cwe: [Array],
73 silly audit report       cvss: [Object]
73 silly audit report     }
73 silly audit report   ],
73 silly audit report   undici: [
73 silly audit report     {
73 silly audit report       id: 1114591,
73 silly audit report       url: 'https://github.com/advisories/GHSA-f269-vfmq-vjvj',
73 silly audit report       title: 'Undici: Malicious WebSocket 64-bit length overflows parser and crashes the client',
73 silly audit report       severity: 'high',
73 silly audit report       vulnerable_versions: '>=7.0.0 <7.24.0',
73 silly audit report       cwe: [Array],
73 silly audit report       cvss: [Object]
73 silly audit report     },
73 silly audit report     {
73 silly audit report       id: 1114593,
73 silly audit report       url: 'https://github.com/advisories/GHSA-2mjp-6q6p-2qxm',
73 silly audit report       title: 'Undici has an HTTP Request/Response Smuggling issue',
73 silly audit report       severity: 'moderate',
73 silly audit report       vulnerable_versions: '>=7.0.0 <7.24.0',
73 silly audit report       cwe: [Array],
73 silly audit report       cvss: [Object]
73 silly audit report     },
73 silly audit report     {
73 silly audit report       id: 1114637,
73 silly audit report       url: 'https://github.com/advisories/GHSA-vrm6-8vpv-qv8q',
73 silly audit report       title: 'Undici has Unbounded Memory Consumption in WebSocket permessage-deflate Decompression',
73 silly audit report       severity: 'high',
73 silly audit report       vulnerable_versions: '>=7.0.0 <7.24.0',
73 silly audit report       cwe: [Array],
73 silly audit report       cvss: [Object]
73 silly audit report     },
73 silly audit report     {
73 silly audit report       id: 1114639,
73 silly audit report       url: 'https://github.com/advisories/GHSA-v9p9-hfj2-hcw8',
73 silly audit report       title: 'Undici has Unhandled Exception in WebSocket Client Due to Invalid server_max_window_bits Validation',
73 silly audit report       severity: 'high',
73 silly audit report       vulnerable_versions: '>=7.0.0 <7.24.0',
73 silly audit report       cwe: [Array],
73 silly audit report       cvss: [Object]
73 silly audit report     },
73 silly audit report     {
73 silly audit report       id: 1114641,
73 silly audit report       url: 'https://github.com/advisories/GHSA-4992-7rv2-5pvq',
73 silly audit report       title: 'Undici has CRLF Injection in undici via `upgrade` option',
73 silly audit report       severity: 'moderate',
73 silly audit report       vulnerable_versions: '>=7.0.0 <7.24.0',
73 silly audit report       cwe: [Array],
73 silly audit report       cvss: [Object]
73 silly audit report     },
73 silly audit report     {
73 silly audit report       id: 1114643,
73 silly audit report       url: 'https://github.com/advisories/GHSA-phc3-fgpg-7m6h',
73 silly audit report       title: 'Undici has Unbounded Memory Consumption in its DeduplicationHandler via Response Buffering that leads to DoS',
73 silly audit report       severity: 'moderate',
73 silly audit report       vulnerable_versions: '>=7.17.0 <7.24.0',
73 silly audit report       cwe: [Array],
73 silly audit report       cvss: [Object]
73 silly audit report     }
73 silly audit report   ],
73 silly audit report   vite: [
73 silly audit report     {
73 silly audit report       id: 1116230,
73 silly audit report       url: 'https://github.com/advisories/GHSA-4w7w-66w2-5vf9',
73 silly audit report       title: 'Vite Vulnerable to Path Traversal in Optimized Deps `.map` Handling',
73 silly audit report       severity: 'moderate',
73 silly audit report       vulnerable_versions: '>=7.0.0 <=7.3.1',
73 silly audit report       cwe: [Array],
73 silly audit report       cvss: [Object]
73 silly audit report     },
73 silly audit report     {
73 silly audit report       id: 1116232,
73 silly audit report       url: 'https://github.com/advisories/GHSA-v2wj-q39q-566r',
73 silly audit report       title: 'Vite: `server.fs.deny` bypassed with queries',
73 silly audit report       severity: 'high',
73 silly audit report       vulnerable_versions: '>=7.1.0 <=7.3.1',
73 silly audit report       cwe: [Array],
73 silly audit report       cvss: [Object]
73 silly audit report     },
73 silly audit report     {
73 silly audit report       id: 1116235,
73 silly audit report       url: 'https://github.com/advisories/GHSA-p9ff-h696-f583',
73 silly audit report       title: 'Vite Vulnerable to Arbitrary File Read via Vite Dev Server WebSocket',
73 silly audit report       severity: 'high',
73 silly audit report       vulnerable_versions: '>=7.0.0 <=7.3.1',
73 silly audit report       cwe: [Array],
73 silly audit report       cvss: [Object]
73 silly audit report     }
73 silly audit report   ]
73 silly audit report }
74 silly packumentCache corgi:https://registry.npmjs.org/picomatch cache-miss
75 silly packumentCache corgi:https://registry.npmjs.org/undici cache-miss
76 silly packumentCache corgi:https://registry.npmjs.org/vite cache-miss
77 http fetch GET 200 https://registry.npmjs.org/@angular/platform-browser-dynamic/-/platform-browser-dynamic-21.2.5.tgz 477ms (cache miss)
78 http fetch GET 200 https://registry.npmjs.org/picomatch 92ms (cache stale)
79 silly packumentCache corgi:https://registry.npmjs.org/picomatch set size:44414 disposed:false
80 http fetch GET 200 https://registry.npmjs.org/vite 97ms (cache stale)
81 silly packumentCache corgi:https://registry.npmjs.org/vite set size:2261551 disposed:false
82 http fetch GET 200 https://registry.npmjs.org/undici 124ms (cache stale)
83 silly packumentCache corgi:https://registry.npmjs.org/undici set size:442766 disposed:false
84 silly packumentCache corgi:https://registry.npmjs.org/@angular-devkit%2fcore cache-miss
85 silly packumentCache corgi:https://registry.npmjs.org/@angular%2fbuild cache-miss
86 silly packumentCache corgi:https://registry.npmjs.org/@parcel%2fwatcher cache-miss
87 silly packumentCache corgi:https://registry.npmjs.org/fdir cache-miss
88 silly packumentCache corgi:https://registry.npmjs.org/tinyglobby cache-miss
89 http fetch GET 200 https://registry.npmjs.org/@angular%2fbuild 357ms (cache stale)
90 silly packumentCache corgi:https://registry.npmjs.org/@angular%2fbuild set size:576134 disposed:false
91 http fetch GET 200 https://registry.npmjs.org/@angular-devkit%2fcore 364ms (cache stale)
92 silly packumentCache corgi:https://registry.npmjs.org/@angular-devkit%2fcore set size:1271606 disposed:false
93 http fetch GET 200 https://registry.npmjs.org/@parcel%2fwatcher 372ms (cache stale)
94 silly packumentCache corgi:https://registry.npmjs.org/@parcel%2fwatcher set size:66438 disposed:false
95 http fetch GET 200 https://registry.npmjs.org/fdir 373ms (cache stale)
96 silly packumentCache corgi:https://registry.npmjs.org/fdir set size:76905 disposed:false
97 http fetch GET 200 https://registry.npmjs.org/tinyglobby 374ms (cache stale)
98 silly packumentCache corgi:https://registry.npmjs.org/tinyglobby set size:19921 disposed:false
99 silly packumentCache corgi:https://registry.npmjs.org/@vitejs%2fplugin-basic-ssl cache-miss
100 http fetch GET 200 https://registry.npmjs.org/@vitejs%2fplugin-basic-ssl 25ms (cache stale)
101 silly packumentCache corgi:https://registry.npmjs.org/@vitejs%2fplugin-basic-ssl set size:18620 disposed:false
102 silly packumentCache corgi:https://registry.npmjs.org/@angular-devkit%2farchitect cache-miss
103 http fetch GET 200 https://registry.npmjs.org/@angular-devkit%2farchitect 33ms (cache stale)
104 silly packumentCache corgi:https://registry.npmjs.org/@angular-devkit%2farchitect set size:1165102 disposed:false
105 silly ADD node_modules/@angular/platform-browser-dynamic
106 warn allow-scripts 4 packages have install scripts not yet covered by allowScripts:
106 warn allow-scripts   @parcel/watcher@2.5.6 (install: node-gyp rebuild)
106 warn allow-scripts   esbuild@0.27.3 (install: (install scripts present))
106 warn allow-scripts   lmdb@3.5.1 (install: node-gyp rebuild)
106 warn allow-scripts   msgpackr-extract@3.0.3 (install: node-gyp rebuild)
106 warn allow-scripts
106 warn allow-scripts Run `npm approve-scripts --allow-scripts-pending` to review, or `npm approve-scripts <pkg>` to allow.
107 verbose cwd C:\Users\Emili\Downloads\bibliotheque-front-angular\bibliotheque-front-angular
108 verbose os Windows_NT 10.0.26200
109 verbose node v22.21.0
110 verbose npm  v11.16.0
111 verbose exit 0
112 info ok
