0 verbose cli C:\nvm4w\nodejs\node.exe C:\nvm4w\nodejs\node_modules\npm\bin\npm-cli.js
1 info using npm@11.16.0
2 info using node@v22.21.0
3 silly config load:file:C:\Users\Emili\AppData\Local\nvm\v22.21.0\node_modules\npm\npmrc
4 silly config load:file:C:\Users\Emili\Downloads\bibliotheque-front-angular\bibliotheque-front-angular\.npmrc
5 silly config load:file:C:\Users\Emili\.npmrc
6 silly config load:file:C:\nvm4w\nodejs\etc\npmrc
7 verbose title npm install @angular/platform-browser-dynamic
8 verbose argv "install" "@angular/platform-browser-dynamic" "--save-dev"
9 verbose logfile logs-max:10 dir:C:\Users\Emili\Downloads\bibliotheque-front-angular\bibliotheque-front-angular\.npm\_logs\2026-06-09T14_48_13_634Z-
10 verbose logfile C:\Users\Emili\Downloads\bibliotheque-front-angular\bibliotheque-front-angular\.npm\_logs\2026-06-09T14_48_13_634Z-debug-0.log
11 silly logfile start cleaning logs, removing 1 files
12 silly logfile done cleaning log files
13 silly packumentCache heap:4345298944 maxSize:1086324736 maxEntrySize:543162368
14 silly idealTree buildDeps
15 silly fetch manifest @angular/platform-browser-dynamic@*
16 silly packumentCache full:https://registry.npmjs.org/@angular%2fplatform-browser-dynamic cache-miss
17 http fetch GET 200 https://registry.npmjs.org/@angular%2fplatform-browser-dynamic 525ms (cache miss)
18 silly packumentCache full:https://registry.npmjs.org/@angular%2fplatform-browser-dynamic set size:undefined disposed:false
19 silly fetch manifest @angular/common@^21.0.0
20 silly packumentCache full:https://registry.npmjs.org/@angular%2fcommon cache-miss
21 http fetch GET 200 https://registry.npmjs.org/@angular%2fcommon 14ms (cache stale)
22 silly packumentCache full:https://registry.npmjs.org/@angular%2fcommon set size:3138959 disposed:false
23 silly fetch manifest @angular/core@^21.0.0
24 silly packumentCache full:https://registry.npmjs.org/@angular%2fcore cache-miss
25 http fetch GET 200 https://registry.npmjs.org/@angular%2fcore 172ms (cache miss)
26 silly packumentCache full:https://registry.npmjs.org/@angular%2fcore set size:undefined disposed:false
27 silly fetch manifest @angular/compiler@^21.0.0
28 silly packumentCache full:https://registry.npmjs.org/@angular%2fcompiler cache-miss
29 http fetch GET 200 https://registry.npmjs.org/@angular%2fcompiler 178ms (cache miss)
30 silly packumentCache full:https://registry.npmjs.org/@angular%2fcompiler set size:undefined disposed:false
31 silly fetch manifest rxjs@^7.8.2
32 silly packumentCache full:https://registry.npmjs.org/rxjs cache-miss
33 http fetch GET 200 https://registry.npmjs.org/rxjs 103ms (cache miss)
34 silly packumentCache full:https://registry.npmjs.org/rxjs set size:undefined disposed:false
35 silly fetch manifest zone.js@^0.15.1
36 silly packumentCache full:https://registry.npmjs.org/zone.js cache-miss
37 http fetch GET 200 https://registry.npmjs.org/zone.js 136ms (cache miss)
38 silly packumentCache full:https://registry.npmjs.org/zone.js set size:undefined disposed:false
39 silly fetch manifest @angular/platform-browser@^21.0.0
40 silly packumentCache full:https://registry.npmjs.org/@angular%2fplatform-browser cache-miss
41 http fetch GET 200 https://registry.npmjs.org/@angular%2fplatform-browser 193ms (cache miss)
42 silly packumentCache full:https://registry.npmjs.org/@angular%2fplatform-browser set size:undefined disposed:false
43 silly fetch manifest @angular/animations@^21.0.0
44 silly packumentCache full:https://registry.npmjs.org/@angular%2fanimations cache-miss
45 http fetch GET 200 https://registry.npmjs.org/@angular%2fanimations 161ms (cache miss)
46 silly packumentCache full:https://registry.npmjs.org/@angular%2fanimations set size:undefined disposed:false
47 verbose stack Error: could not resolve
47 verbose stack     at PlaceDep.failPeerConflict (C:\Users\Emili\AppData\Local\nvm\v22.21.0\node_modules\npm\node_modules\@npmcli\arborist\lib\place-dep.js:503:25)
47 verbose stack     at new PlaceDep (C:\Users\Emili\AppData\Local\nvm\v22.21.0\node_modules\npm\node_modules\@npmcli\arborist\lib\place-dep.js:157:21)
47 verbose stack     at #buildDepStep (C:\Users\Emili\AppData\Local\nvm\v22.21.0\node_modules\npm\node_modules\@npmcli\arborist\lib\arborist\build-ideal-tree.js:995:18)
47 verbose stack     at async Arborist.buildIdealTree (C:\Users\Emili\AppData\Local\nvm\v22.21.0\node_modules\npm\node_modules\@npmcli\arborist\lib\arborist\build-ideal-tree.js:178:7)
47 verbose stack     at async Promise.all (index 1)
47 verbose stack     at async Arborist.reify (C:\Users\Emili\AppData\Local\nvm\v22.21.0\node_modules\npm\node_modules\@npmcli\arborist\lib\arborist\reify.js:112:5)
47 verbose stack     at async Install.exec (C:\Users\Emili\AppData\Local\nvm\v22.21.0\node_modules\npm\lib\commands\install.js:157:5)
47 verbose stack     at async Npm.exec (C:\Users\Emili\AppData\Local\nvm\v22.21.0\node_modules\npm\lib\npm.js:193:9)
47 verbose stack     at async module.exports (C:\Users\Emili\AppData\Local\nvm\v22.21.0\node_modules\npm\lib\cli\entry.js:67:5)
48 error code ERESOLVE
49 error ERESOLVE could not resolve
50 error
51 error While resolving: bibliotheque-front@0.0.1
51 error Found: @angular/core@21.2.5[2m[22m
51 error [2mnode_modules/@angular/core[22m
51 error   [95mpeer[39m @angular/core@"21.2.5" from @angular/animations@21.2.5[2m[22m
51 error   [2mnode_modules/@angular/animations[22m
51 error     peerOptional @angular/animations@"21.2.5" from @angular/platform-browser@21.2.5[2m[22m
51 error     [2mnode_modules/@angular/platform-browser[22m
51 error       peerOptional @angular/platform-browser@"^21.0.0" from @angular/build@21.2.3[2m[22m
51 error       [2mnode_modules/@angular/build[22m
51 error         [34mdev[39m @angular/build@"^21.0.0" from the root project
51 error       3 more (@angular/forms, @angular/router, the root project)
51 error     @angular/animations@"^21.0.0" from the root project
51 error   peerOptional @angular/core@"^21.0.0" from @angular/build@21.2.3[2m[22m
51 error   [2mnode_modules/@angular/build[22m
51 error     [34mdev[39m @angular/build@"^21.0.0" from the root project
51 error   5 more (@angular/common, @angular/forms, ...)
51 error
51 error Could not resolve dependency:
51 error [34mdev[39m @angular/platform-browser-dynamic@"*" from the root project
51 error
51 error Conflicting peer dependency: @angular/core@21.2.16[2m[22m
51 error [2mnode_modules/@angular/core[22m
51 error   [95mpeer[39m @angular/core@"21.2.16" from @angular/platform-browser-dynamic@21.2.16[2m[22m
51 error   [2mnode_modules/@angular/platform-browser-dynamic[22m
51 error     [34mdev[39m @angular/platform-browser-dynamic@"*" from the root project
51 error
51 error Fix the upstream dependency conflict, or retry this command with --force or --legacy-peer-deps to accept an incorrect (and potentially broken) dependency resolution.
52 error
52 error
52 error For a full report see:
52 error C:\Users\Emili\Downloads\bibliotheque-front-angular\bibliotheque-front-angular\.npm\_logs\2026-06-09T14_48_13_634Z-eresolve-report.txt
53 silly unfinished npm timer reify 1781016494749
54 silly unfinished npm timer reify:loadTrees 1781016494749
55 silly unfinished npm timer idealTree:buildDeps 1781016494992
56 silly unfinished npm timer idealTree:#root 1781016494993
57 verbose cwd C:\Users\Emili\Downloads\bibliotheque-front-angular\bibliotheque-front-angular
58 verbose os Windows_NT 10.0.26200
59 verbose node v22.21.0
60 verbose npm  v11.16.0
61 verbose exit 1
62 verbose code 1
63 error A complete log of this run can be found in: C:\Users\Emili\Downloads\bibliotheque-front-angular\bibliotheque-front-angular\.npm\_logs\2026-06-09T14_48_13_634Z-debug-0.log
