0 verbose cli C:\nvm4w\nodejs\node.exe C:\nvm4w\nodejs\node_modules\npm\bin\npm-cli.js
1 info using npm@11.16.0
2 info using node@v22.21.0
3 silly config load:file:C:\Users\Emili\AppData\Local\nvm\v22.21.0\node_modules\npm\npmrc
4 silly config load:file:C:\Users\Emili\Downloads\bibliotheque-front-angular\bibliotheque-front-angular\.npmrc
5 silly config load:file:C:\Users\Emili\.npmrc
6 silly config load:file:C:\nvm4w\nodejs\etc\npmrc
7 verbose title npm list @types/jasmine
8 verbose argv "list" "@types/jasmine"
9 verbose logfile logs-max:10 dir:C:\Users\Emili\Downloads\bibliotheque-front-angular\bibliotheque-front-angular\.npm\_logs\2026-06-10T09_27_36_108Z-
10 verbose logfile C:\Users\Emili\Downloads\bibliotheque-front-angular\bibliotheque-front-angular\.npm\_logs\2026-06-10T09_27_36_108Z-debug-0.log
11 silly logfile start cleaning logs, removing 2 files
12 silly packumentCache heap:4345298944 maxSize:1086324736 maxEntrySize:543162368
13 silly logfile done cleaning log files
14 verbose cwd C:\Users\Emili\Downloads\bibliotheque-front-angular\bibliotheque-front-angular
15 verbose os Windows_NT 10.0.26200
16 verbose node v22.21.0
17 verbose npm  v11.16.0
18 verbose exit 0
19 info ok
